\BOOKMARK [0][-]{chapter*.1}{摘要}{}% 1
\BOOKMARK [0][-]{chapter*.2}{目  录}{}% 2
\BOOKMARK [0][-]{chapter*.4}{插图索引}{}% 3
\BOOKMARK [0][-]{chapter*.4}{表格索引}{}% 4
\BOOKMARK [0][-]{chapter.1}{第一章  设计背景及任务}{}% 5
\BOOKMARK [1][-]{section.1.1}{1.1 设计背景}{chapter.1}% 6
\BOOKMARK [1][-]{section.1.2}{1.2 设计任务}{chapter.1}% 7
\BOOKMARK [2][-]{subsection.1.2.1}{1.2.1 基本设计要求}{section.1.2}% 8
\BOOKMARK [2][-]{subsection.1.2.2}{1.2.2 扩展设计要求}{section.1.2}% 9
\BOOKMARK [0][-]{chapter.2}{第二章  硬件设计}{}% 10
\BOOKMARK [1][-]{section.2.1}{2.1 硬件设计总体概况}{chapter.2}% 11
\BOOKMARK [1][-]{section.2.2}{2.2 数码管及信号灯驱动电路}{chapter.2}% 12
\BOOKMARK [2][-]{subsection.2.2.1}{2.2.1 数码管}{section.2.2}% 13
\BOOKMARK [2][-]{subsection.2.2.2}{2.2.2 信号灯驱动电路}{section.2.2}% 14
\BOOKMARK [2][-]{subsection.2.2.3}{2.2.3 数码管及信号灯的选通}{section.2.2}% 15
\BOOKMARK [1][-]{section.2.3}{2.3 键盘}{chapter.2}% 16
\BOOKMARK [1][-]{section.2.4}{2.4 地感线圈输入与中断触发}{chapter.2}% 17
\BOOKMARK [1][-]{section.2.5}{2.5 小结}{chapter.2}% 18
\BOOKMARK [0][-]{appendix.A}{附录 A  电路图}{}% 19
\BOOKMARK [0][-]{appendix*.5}{参考文献}{}% 20
\BOOKMARK [0][-]{appendix*.6}{致  谢}{}% 21
